09:08:59:426  INFO 5408 --- [main] com.hmall.pay.PayApplication             : Starting PayApplication using Java 11.0.26 on LAPTOP-B0VQN6SJ with PID 5408 (E:\Sumui\Codehub\黑马微服务框架\HeimaCode\hmall\pay-service\target\classes started by flk-sunl in E:\Sumui\Codehub\黑马微服务框架\HeimaCode\hmall)
09:08:59:430 DEBUG 5408 --- [main] com.hmall.pay.PayApplication             : Running with Spring Boot v2.7.12, Spring v5.3.27
09:08:59:430  INFO 5408 --- [main] com.hmall.pay.PayApplication             : The following 1 profile is active: "local"
09:09:00:389  INFO 5408 --- [main] o.s.cloud.context.scope.GenericScope     : BeanFactory id=b731fad4-964b-3ac7-a1c2-2a1d6fe3c84b
09:09:00:597  INFO 5408 --- [main] o.s.b.w.embedded.tomcat.TomcatWebServer  : Tomcat initialized with port(s): 8086 (http)
09:09:00:606  INFO 5408 --- [main] o.apache.catalina.core.StandardService   : Starting service [Tomcat]
09:09:00:606  INFO 5408 --- [main] org.apache.catalina.core.StandardEngine  : Starting Servlet engine: [Apache Tomcat/9.0.75]
09:09:00:687  INFO 5408 --- [main] o.a.c.c.C.[Tomcat].[localhost].[/]       : Initializing Spring embedded WebApplicationContext
09:09:00:687  INFO 5408 --- [main] w.s.c.ServletWebServerApplicationContext : Root WebApplicationContext: initialization completed in 1221 ms
09:09:00:811  INFO 5408 --- [main] o.s.c.openfeign.FeignClientFactoryBean   : For 'user-service' URL not provided. Will try picking an instance via load-balancing.
09:09:00:845  INFO 5408 --- [main] o.s.c.openfeign.FeignClientFactoryBean   : For 'trade-service' URL not provided. Will try picking an instance via load-balancing.
09:09:02:159  INFO 5408 --- [main] pertySourcedRequestMappingHandlerMapping : Mapped URL path [/v2/api-docs] onto method [springfox.documentation.swagger2.web.Swagger2ControllerWebMvc#getDocumentation(String, HttpServletRequest)]
09:09:02:641  INFO 5408 --- [main] com.alibaba.nacos.common.remote.client   : [RpcClientFactory] create a new rpc client of 2c54bf00-1311-4781-a836-59d5c858f258
09:09:02:672  INFO 5408 --- [main] org.reflections.Reflections              : Reflections took 15 ms to scan 1 urls, producing 3 keys and 6 values 
09:09:02:694  INFO 5408 --- [main] org.reflections.Reflections              : Reflections took 11 ms to scan 1 urls, producing 4 keys and 9 values 
09:09:02:707  INFO 5408 --- [main] org.reflections.Reflections              : Reflections took 8 ms to scan 1 urls, producing 3 keys and 10 values 
09:09:02:710  WARN 5408 --- [main] org.reflections.Reflections              : given scan urls are empty. set urls in the configuration
09:09:02:721  INFO 5408 --- [main] org.reflections.Reflections              : Reflections took 10 ms to scan 1 urls, producing 1 keys and 5 values 
09:09:02:730  INFO 5408 --- [main] org.reflections.Reflections              : Reflections took 7 ms to scan 1 urls, producing 1 keys and 7 values 
09:09:02:740  INFO 5408 --- [main] org.reflections.Reflections              : Reflections took 8 ms to scan 1 urls, producing 2 keys and 8 values 
09:09:02:742  WARN 5408 --- [main] org.reflections.Reflections              : given scan urls are empty. set urls in the configuration
09:09:02:743  INFO 5408 --- [main] com.alibaba.nacos.common.remote.client   : [2c54bf00-1311-4781-a836-59d5c858f258] RpcClient init label, labels = {module=naming, source=sdk}
09:09:02:745  INFO 5408 --- [main] com.alibaba.nacos.common.remote.client   : [2c54bf00-1311-4781-a836-59d5c858f258] RpcClient init, ServerListFactory = com.alibaba.nacos.client.naming.core.ServerListManager
09:09:02:745  INFO 5408 --- [main] com.alibaba.nacos.common.remote.client   : [2c54bf00-1311-4781-a836-59d5c858f258] Registry connection listener to current client:com.alibaba.nacos.client.naming.remote.gprc.redo.NamingGrpcRedoService
09:09:02:746  INFO 5408 --- [main] com.alibaba.nacos.common.remote.client   : [2c54bf00-1311-4781-a836-59d5c858f258] Register server push request handler:com.alibaba.nacos.client.naming.remote.gprc.NamingPushRequestHandler
09:09:02:748  INFO 5408 --- [main] com.alibaba.nacos.common.remote.client   : [2c54bf00-1311-4781-a836-59d5c858f258] Try to connect to server on start up, server: {serverIp = '192.168.150.101', server main port = 8848}
09:09:03:973  INFO 5408 --- [main] com.alibaba.nacos.common.remote.client   : [2c54bf00-1311-4781-a836-59d5c858f258] Success to connect to server [192.168.150.101:8848] on start up, connectionId = 1738311846368_192.168.150.1_58571
09:09:03:974  INFO 5408 --- [com.alibaba.nacos.client.remote.worker] com.alibaba.nacos.common.remote.client   : [2c54bf00-1311-4781-a836-59d5c858f258] Notify connected event to listeners.
09:09:03:975  INFO 5408 --- [main] com.alibaba.nacos.common.remote.client   : [2c54bf00-1311-4781-a836-59d5c858f258] Register server push request handler:com.alibaba.nacos.common.remote.client.RpcClient$ConnectResetRequestHandler
09:09:03:975  INFO 5408 --- [main] com.alibaba.nacos.common.remote.client   : [2c54bf00-1311-4781-a836-59d5c858f258] Register server push request handler:com.alibaba.nacos.common.remote.client.RpcClient$$Lambda$983/0x00000008006cb040
09:09:04:032  INFO 5408 --- [main] o.s.b.w.embedded.tomcat.TomcatWebServer  : Tomcat started on port(s): 8086 (http) with context path ''
09:09:04:042  INFO 5408 --- [main] c.a.c.n.registry.NacosServiceRegistry    : nacos registry, DEFAULT_GROUP pay-service 192.168.10.123:8086 register finished
09:09:04:259  INFO 5408 --- [main] d.s.w.p.DocumentationPluginsBootstrapper : Documentation plugins bootstrapped
09:09:04:261  INFO 5408 --- [main] d.s.w.p.DocumentationPluginsBootstrapper : Found 1 custom documentation plugin(s)
09:09:04:277  INFO 5408 --- [main] s.d.s.w.s.ApiListingReferenceScanner     : Scanning for api listing references
09:09:04:359  INFO 5408 --- [main] com.hmall.pay.PayApplication             : Started PayApplication in 5.464 seconds (JVM running for 6.017)
09:09:04:492  INFO 5408 --- [nacos-grpc-client-executor-9] com.alibaba.nacos.common.remote.client   : [2c54bf00-1311-4781-a836-59d5c858f258] Receive server push request, request = NotifySubscriberRequest, requestId = 3
09:09:04:517  INFO 5408 --- [nacos-grpc-client-executor-9] com.alibaba.nacos.common.remote.client   : [2c54bf00-1311-4781-a836-59d5c858f258] Ack server push request, request = NotifySubscriberRequest, requestId = 3
