09:09:03:729  INFO 26648 --- [main] com.hmall.trade.TradeApplication         : Starting TradeApplication using Java 11.0.26 on LAPTOP-B0VQN6SJ with PID 26648 (E:\Sumui\Codehub\黑马微服务框架\HeimaCode\hmall\trade-service\target\classes started by flk-sunl in E:\Sumui\Codehub\黑马微服务框架\HeimaCode\hmall)
09:09:03:734 DEBUG 26648 --- [main] com.hmall.trade.TradeApplication         : Running with Spring Boot v2.7.12, Spring v5.3.27
09:09:03:735  INFO 26648 --- [main] com.hmall.trade.TradeApplication         : The following 1 profile is active: "local"
09:09:04:799  INFO 26648 --- [main] o.s.cloud.context.scope.GenericScope     : BeanFactory id=a2887ce3-c943-3046-afd3-d2bd3ba58ed6
09:09:05:091  INFO 26648 --- [main] o.s.b.w.embedded.tomcat.TomcatWebServer  : Tomcat initialized with port(s): 8085 (http)
09:09:05:098  INFO 26648 --- [main] o.apache.catalina.core.StandardService   : Starting service [Tomcat]
09:09:05:098  INFO 26648 --- [main] org.apache.catalina.core.StandardEngine  : Starting Servlet engine: [Apache Tomcat/9.0.75]
09:09:05:183  INFO 26648 --- [main] o.a.c.c.C.[Tomcat].[localhost].[/]       : Initializing Spring embedded WebApplicationContext
09:09:05:183  INFO 26648 --- [main] w.s.c.ServletWebServerApplicationContext : Root WebApplicationContext: initialization completed in 1405 ms
09:09:05:330  INFO 26648 --- [main] o.s.c.openfeign.FeignClientFactoryBean   : For 'item-service' URL not provided. Will try picking an instance via load-balancing.
09:09:06:105  INFO 26648 --- [main] o.s.c.openfeign.FeignClientFactoryBean   : For 'cart-service' URL not provided. Will try picking an instance via load-balancing.
09:09:06:658  INFO 26648 --- [main] pertySourcedRequestMappingHandlerMapping : Mapped URL path [/v2/api-docs] onto method [springfox.documentation.swagger2.web.Swagger2ControllerWebMvc#getDocumentation(String, HttpServletRequest)]
09:09:07:026  INFO 26648 --- [main] com.alibaba.nacos.common.remote.client   : [RpcClientFactory] create a new rpc client of 51c1d924-ef70-4455-925c-a0406e731b51
09:09:07:052  INFO 26648 --- [main] org.reflections.Reflections              : Reflections took 15 ms to scan 1 urls, producing 3 keys and 6 values 
09:09:07:069  INFO 26648 --- [main] org.reflections.Reflections              : Reflections took 6 ms to scan 1 urls, producing 4 keys and 9 values 
09:09:07:076  INFO 26648 --- [main] org.reflections.Reflections              : Reflections took 6 ms to scan 1 urls, producing 3 keys and 10 values 
09:09:07:078  WARN 26648 --- [main] org.reflections.Reflections              : given scan urls are empty. set urls in the configuration
09:09:07:083  INFO 26648 --- [main] org.reflections.Reflections              : Reflections took 4 ms to scan 1 urls, producing 1 keys and 5 values 
09:09:07:089  INFO 26648 --- [main] org.reflections.Reflections              : Reflections took 5 ms to scan 1 urls, producing 1 keys and 7 values 
09:09:07:096  INFO 26648 --- [main] org.reflections.Reflections              : Reflections took 5 ms to scan 1 urls, producing 2 keys and 8 values 
09:09:07:097  WARN 26648 --- [main] org.reflections.Reflections              : given scan urls are empty. set urls in the configuration
09:09:07:098  INFO 26648 --- [main] com.alibaba.nacos.common.remote.client   : [51c1d924-ef70-4455-925c-a0406e731b51] RpcClient init label, labels = {module=naming, source=sdk}
09:09:07:099  INFO 26648 --- [main] com.alibaba.nacos.common.remote.client   : [51c1d924-ef70-4455-925c-a0406e731b51] RpcClient init, ServerListFactory = com.alibaba.nacos.client.naming.core.ServerListManager
09:09:07:100  INFO 26648 --- [main] com.alibaba.nacos.common.remote.client   : [51c1d924-ef70-4455-925c-a0406e731b51] Registry connection listener to current client:com.alibaba.nacos.client.naming.remote.gprc.redo.NamingGrpcRedoService
09:09:07:100  INFO 26648 --- [main] com.alibaba.nacos.common.remote.client   : [51c1d924-ef70-4455-925c-a0406e731b51] Register server push request handler:com.alibaba.nacos.client.naming.remote.gprc.NamingPushRequestHandler
09:09:07:101  INFO 26648 --- [main] com.alibaba.nacos.common.remote.client   : [51c1d924-ef70-4455-925c-a0406e731b51] Try to connect to server on start up, server: {serverIp = '192.168.150.101', server main port = 8848}
09:09:08:058  INFO 26648 --- [main] com.alibaba.nacos.common.remote.client   : [51c1d924-ef70-4455-925c-a0406e731b51] Success to connect to server [192.168.150.101:8848] on start up, connectionId = 1738311850805_192.168.150.1_58730
09:09:08:058  INFO 26648 --- [main] com.alibaba.nacos.common.remote.client   : [51c1d924-ef70-4455-925c-a0406e731b51] Register server push request handler:com.alibaba.nacos.common.remote.client.RpcClient$ConnectResetRequestHandler
09:09:08:058  INFO 26648 --- [com.alibaba.nacos.client.remote.worker] com.alibaba.nacos.common.remote.client   : [51c1d924-ef70-4455-925c-a0406e731b51] Notify connected event to listeners.
09:09:08:059  INFO 26648 --- [main] com.alibaba.nacos.common.remote.client   : [51c1d924-ef70-4455-925c-a0406e731b51] Register server push request handler:com.alibaba.nacos.common.remote.client.RpcClient$$Lambda$981/0x00000008006d4440
09:09:08:118  INFO 26648 --- [main] o.s.b.w.embedded.tomcat.TomcatWebServer  : Tomcat started on port(s): 8085 (http) with context path ''
09:09:08:129  INFO 26648 --- [main] c.a.c.n.registry.NacosServiceRegistry    : nacos registry, DEFAULT_GROUP trade-service 192.168.10.123:8085 register finished
09:09:08:304  INFO 26648 --- [main] d.s.w.p.DocumentationPluginsBootstrapper : Documentation plugins bootstrapped
09:09:08:306  INFO 26648 --- [main] d.s.w.p.DocumentationPluginsBootstrapper : Found 1 custom documentation plugin(s)
09:09:08:317  INFO 26648 --- [main] s.d.s.w.s.ApiListingReferenceScanner     : Scanning for api listing references
09:09:08:374  INFO 26648 --- [main] com.hmall.trade.TradeApplication         : Started TradeApplication in 5.343 seconds (JVM running for 6.004)
09:09:08:549  INFO 26648 --- [nacos-grpc-client-executor-9] com.alibaba.nacos.common.remote.client   : [51c1d924-ef70-4455-925c-a0406e731b51] Receive server push request, request = NotifySubscriberRequest, requestId = 5
09:09:08:564  INFO 26648 --- [nacos-grpc-client-executor-9] com.alibaba.nacos.common.remote.client   : [51c1d924-ef70-4455-925c-a0406e731b51] Ack server push request, request = NotifySubscriberRequest, requestId = 5
