09:08:57:861  INFO 29372 --- [main] com.hmall.user.UserApplication           : Starting UserApplication using Java 11.0.26 on LAPTOP-B0VQN6SJ with PID 29372 (E:\Sumui\Codehub\黑马微服务框架\HeimaCode\hmall\user-service\target\classes started by flk-sunl in E:\Sumui\Codehub\黑马微服务框架\HeimaCode\hmall)
09:08:57:864 DEBUG 29372 --- [main] com.hmall.user.UserApplication           : Running with Spring Boot v2.7.12, Spring v5.3.27
09:08:57:865  INFO 29372 --- [main] com.hmall.user.UserApplication           : The following 1 profile is active: "local"
09:08:58:820  INFO 29372 --- [main] o.s.cloud.context.scope.GenericScope     : BeanFactory id=477ffe7a-7815-37fe-b5c0-83f2fc520afe
09:08:59:035  INFO 29372 --- [main] o.s.b.w.embedded.tomcat.TomcatWebServer  : Tomcat initialized with port(s): 8084 (http)
09:08:59:041  INFO 29372 --- [main] o.apache.catalina.core.StandardService   : Starting service [Tomcat]
09:08:59:041  INFO 29372 --- [main] org.apache.catalina.core.StandardEngine  : Starting Servlet engine: [Apache Tomcat/9.0.75]
09:08:59:118  INFO 29372 --- [main] o.a.c.c.C.[Tomcat].[localhost].[/]       : Initializing Spring embedded WebApplicationContext
09:08:59:119  INFO 29372 --- [main] w.s.c.ServletWebServerApplicationContext : Root WebApplicationContext: initialization completed in 1230 ms
09:09:00:658  INFO 29372 --- [main] pertySourcedRequestMappingHandlerMapping : Mapped URL path [/v2/api-docs] onto method [springfox.documentation.swagger2.web.Swagger2ControllerWebMvc#getDocumentation(String, HttpServletRequest)]
09:09:01:054  INFO 29372 --- [main] com.alibaba.nacos.common.remote.client   : [RpcClientFactory] create a new rpc client of e5aa690d-eb6d-4d63-95e4-3d4cc6383378
09:09:01:084  INFO 29372 --- [main] org.reflections.Reflections              : Reflections took 15 ms to scan 1 urls, producing 3 keys and 6 values 
09:09:01:101  INFO 29372 --- [main] org.reflections.Reflections              : Reflections took 6 ms to scan 1 urls, producing 4 keys and 9 values 
09:09:01:108  INFO 29372 --- [main] org.reflections.Reflections              : Reflections took 4 ms to scan 1 urls, producing 3 keys and 10 values 
09:09:01:110  WARN 29372 --- [main] org.reflections.Reflections              : given scan urls are empty. set urls in the configuration
09:09:01:114  INFO 29372 --- [main] org.reflections.Reflections              : Reflections took 3 ms to scan 1 urls, producing 1 keys and 5 values 
09:09:01:121  INFO 29372 --- [main] org.reflections.Reflections              : Reflections took 5 ms to scan 1 urls, producing 1 keys and 7 values 
09:09:01:127  INFO 29372 --- [main] org.reflections.Reflections              : Reflections took 3 ms to scan 1 urls, producing 2 keys and 8 values 
09:09:01:129  WARN 29372 --- [main] org.reflections.Reflections              : given scan urls are empty. set urls in the configuration
09:09:01:129  INFO 29372 --- [main] com.alibaba.nacos.common.remote.client   : [e5aa690d-eb6d-4d63-95e4-3d4cc6383378] RpcClient init label, labels = {module=naming, source=sdk}
09:09:01:130  INFO 29372 --- [main] com.alibaba.nacos.common.remote.client   : [e5aa690d-eb6d-4d63-95e4-3d4cc6383378] RpcClient init, ServerListFactory = com.alibaba.nacos.client.naming.core.ServerListManager
09:09:01:132  INFO 29372 --- [main] com.alibaba.nacos.common.remote.client   : [e5aa690d-eb6d-4d63-95e4-3d4cc6383378] Registry connection listener to current client:com.alibaba.nacos.client.naming.remote.gprc.redo.NamingGrpcRedoService
09:09:01:132  INFO 29372 --- [main] com.alibaba.nacos.common.remote.client   : [e5aa690d-eb6d-4d63-95e4-3d4cc6383378] Register server push request handler:com.alibaba.nacos.client.naming.remote.gprc.NamingPushRequestHandler
09:09:01:133  INFO 29372 --- [main] com.alibaba.nacos.common.remote.client   : [e5aa690d-eb6d-4d63-95e4-3d4cc6383378] Try to connect to server on start up, server: {serverIp = '192.168.150.101', server main port = 8848}
09:09:02:279  INFO 29372 --- [main] com.alibaba.nacos.common.remote.client   : [e5aa690d-eb6d-4d63-95e4-3d4cc6383378] Success to connect to server [192.168.150.101:8848] on start up, connectionId = 1738311844525_192.168.150.1_58492
09:09:02:279  INFO 29372 --- [com.alibaba.nacos.client.remote.worker] com.alibaba.nacos.common.remote.client   : [e5aa690d-eb6d-4d63-95e4-3d4cc6383378] Notify connected event to listeners.
09:09:02:280  INFO 29372 --- [main] com.alibaba.nacos.common.remote.client   : [e5aa690d-eb6d-4d63-95e4-3d4cc6383378] Register server push request handler:com.alibaba.nacos.common.remote.client.RpcClient$ConnectResetRequestHandler
09:09:02:281  INFO 29372 --- [main] com.alibaba.nacos.common.remote.client   : [e5aa690d-eb6d-4d63-95e4-3d4cc6383378] Register server push request handler:com.alibaba.nacos.common.remote.client.RpcClient$$Lambda$960/0x0000000800746440
09:09:02:335  INFO 29372 --- [main] o.s.b.w.embedded.tomcat.TomcatWebServer  : Tomcat started on port(s): 8084 (http) with context path ''
09:09:02:348  INFO 29372 --- [main] c.a.c.n.registry.NacosServiceRegistry    : nacos registry, DEFAULT_GROUP user-service 192.168.10.123:8084 register finished
09:09:02:674  INFO 29372 --- [main] d.s.w.p.DocumentationPluginsBootstrapper : Documentation plugins bootstrapped
09:09:02:676  INFO 29372 --- [main] d.s.w.p.DocumentationPluginsBootstrapper : Found 1 custom documentation plugin(s)
09:09:02:693  INFO 29372 --- [main] s.d.s.w.s.ApiListingReferenceScanner     : Scanning for api listing references
09:09:02:779  INFO 29372 --- [main] com.hmall.user.UserApplication           : Started UserApplication in 5.46 seconds (JVM running for 6.272)
09:09:02:809  INFO 29372 --- [nacos-grpc-client-executor-10] com.alibaba.nacos.common.remote.client   : [e5aa690d-eb6d-4d63-95e4-3d4cc6383378] Receive server push request, request = NotifySubscriberRequest, requestId = 2
09:09:02:818  INFO 29372 --- [nacos-grpc-client-executor-10] com.alibaba.nacos.common.remote.client   : [e5aa690d-eb6d-4d63-95e4-3d4cc6383378] Ack server push request, request = NotifySubscriberRequest, requestId = 2
